Import Train Data...
Unpacking epidural
Unpacking intraparenchymal
Unpacking subarachnoid
Unpacking intraventricular
Unpacking subdural
Unpacking nohem
Import Val Data...
Unpacking epidural
Unpacking intraparenchymal
Unpacking subarachnoid
Unpacking intraventricular
Unpacking subdural
Unpacking nohem
Amound of train data being used: 2947
Starting training
Epoch 0 Loss nan
/usr/local/lib/python3.7/dist-packages/torch/serialization.py:292: UserWarning: Couldn't retrieve source code for container of type ResnetDetector1. It won't be checked for correctness upon loading.
  "type " + obj.__name__ + ". It won't be checked "
/usr/local/lib/python3.7/dist-packages/torch/serialization.py:292: UserWarning: Couldn't retrieve source code for container of type Linear. It won't be checked for correctness upon loading.
  "type " + obj.__name__ + ". It won't be checked "
Epoch 1 Loss nan
Epoch 2 Loss nan
Epoch 3 Loss nan
Epoch 4 Loss nan
Epoch 5 Loss nan
Epoch 6 Loss nan
Epoch 7 Loss nan
Epoch 8 Loss nan
Epoch 9 Loss nan
Epoch 10 Loss nan
Epoch 11 Loss nan
Epoch 12 Loss nan
Epoch 13 Loss nan
Epoch 14 Loss nan
Epoch 15 Loss nan
Epoch 16 Loss nan
Epoch 17 Loss nan
Epoch 18 Loss nan
Epoch 19 Loss nan
Time Elapsed 566.9989740848541
Saved losses on disk.
Compute final accuracies.
> Train acc
> Val acc
Train acc: 0.8400537634408602, Val acc: 0.78125
